[2022-06-22T22:36:53.439] [DEBUG] cheese - login => username:admin,password:123456
[2022-06-22T22:36:53.443] [DEBUG] cheese - admin
[2022-06-22T22:36:53.460] [DEBUG] cheese - null
[2022-06-22T22:36:53.461] [DEBUG] cheese - null
[2022-06-22T22:38:48.080] [DEBUG] cheese - login => username:admin,password:123456
[2022-06-22T22:38:48.080] [DEBUG] cheese - admin
[2022-06-22T22:38:48.086] [DEBUG] cheese - null
[2022-06-22T22:38:48.086] [DEBUG] cheese - null
[2022-06-22T22:45:35.672] [DEBUG] cheese - login => username:admin,password:123456
[2022-06-22T22:45:35.675] [DEBUG] cheese - admin
[2022-06-22T22:45:35.726] [DEBUG] cheese - null
[2022-06-22T22:45:35.727] [DEBUG] cheese - null
[2022-06-22T22:48:48.689] [DEBUG] cheese - login => username:admin,password:123456
[2022-06-22T22:48:48.689] [DEBUG] cheese - admin
[2022-06-22T22:48:48.693] [DEBUG] cheese - null
[2022-06-22T22:48:48.693] [DEBUG] cheese - null
[2022-06-22T23:07:03.264] [DEBUG] cheese - login => username:admin,password:123456
[2022-06-22T23:07:03.265] [DEBUG] cheese - admin
[2022-06-22T23:07:03.269] [DEBUG] cheese - null
[2022-06-22T23:07:03.270] [DEBUG] cheese - null
[2022-06-23T22:05:54.854] [DEBUG] cheese - login => username:admin,password:123456
[2022-06-23T22:05:54.858] [DEBUG] cheese - admin
[2022-06-23T22:05:54.896] [DEBUG] cheese - null
[2022-06-23T22:05:54.897] [DEBUG] cheese - null
[2022-06-25T11:14:40.824] [DEBUG] cheese - login => username:admin,password:123456
[2022-06-25T11:14:40.825] [DEBUG] cheese - admin
[2022-06-25T11:14:40.894] [DEBUG] cheese - null
[2022-06-25T11:14:40.895] [DEBUG] cheese - null
[2022-06-27T22:12:42.298] [DEBUG] cheese - login => username:sss,password:sss
[2022-06-27T22:12:42.304] [DEBUG] cheese - sss
[2022-06-27T22:12:42.347] [DEBUG] cheese - null
[2022-06-27T22:12:42.348] [DEBUG] cheese - null
[2022-06-27T22:16:55.456] [DEBUG] cheese - login => username:sdsd,password:sdsd
[2022-06-27T22:16:55.456] [DEBUG] cheese - sdsd
[2022-06-27T22:16:55.465] [DEBUG] cheese - null
[2022-06-27T22:16:55.465] [DEBUG] cheese - null
[2022-06-27T22:23:58.760] [DEBUG] cheese - login => username:aaaa,password:aaa
[2022-06-27T22:23:58.762] [DEBUG] cheese - aaaa
[2022-06-27T22:23:58.778] [DEBUG] cheese - null
[2022-06-27T22:23:58.779] [DEBUG] cheese - null
[2022-06-27T22:25:50.799] [DEBUG] cheese - login => username:cada,password:ss
[2022-06-27T22:25:50.799] [DEBUG] cheese - cada
[2022-06-27T22:25:50.804] [DEBUG] cheese - null
[2022-06-27T22:25:50.804] [DEBUG] cheese - null
[2022-06-27T22:26:11.054] [DEBUG] cheese - login => username:sdsad,password:asdsad
[2022-06-27T22:26:11.055] [DEBUG] cheese - sdsad
[2022-06-27T22:26:11.059] [DEBUG] cheese - null
[2022-06-27T22:26:11.060] [DEBUG] cheese - null
[2022-06-27T22:26:40.973] [DEBUG] cheese - login => username:wq,password:qwq
[2022-06-27T22:26:40.974] [DEBUG] cheese - wq
[2022-06-27T22:26:40.977] [DEBUG] cheese - null
[2022-06-27T22:26:40.977] [DEBUG] cheese - null
[2022-06-30T22:35:04.438] [DEBUG] cheese - login => username:admin,password:123456
[2022-06-30T22:35:04.440] [DEBUG] cheese - admin
[2022-06-30T22:35:04.539] [DEBUG] cheese - null
[2022-06-30T22:35:04.539] [DEBUG] cheese - null
[2022-06-30T22:35:19.008] [DEBUG] cheese - login => username:admin,password:1234562
[2022-06-30T22:35:19.009] [DEBUG] cheese - admin
[2022-06-30T22:35:19.013] [DEBUG] cheese - null
[2022-06-30T22:35:19.013] [DEBUG] cheese - null
[2022-06-30T22:35:44.275] [DEBUG] cheese - login => username:admin,password:123
[2022-06-30T22:35:44.275] [DEBUG] cheese - admin
[2022-06-30T22:35:44.282] [DEBUG] cheese - null
[2022-06-30T22:35:44.283] [DEBUG] cheese - null
[2022-06-30T22:37:59.541] [DEBUG] cheese - login => username:www,password:wwww
[2022-06-30T22:37:59.541] [DEBUG] cheese - www
[2022-06-30T22:37:59.552] [DEBUG] cheese - null
[2022-06-30T22:37:59.552] [DEBUG] cheese - null
[2022-06-30T22:40:56.628] [DEBUG] cheese - login => username:sdsds,password:sdsd
[2022-06-30T22:40:56.628] [DEBUG] cheese - sdsds
[2022-06-30T22:40:56.640] [DEBUG] cheese - null
[2022-06-30T22:40:56.640] [DEBUG] cheese - null
[2022-06-30T22:41:16.025] [DEBUG] cheese - login => username:qwqw,password:qwqw
[2022-06-30T22:41:16.025] [DEBUG] cheese - qwqw
[2022-06-30T22:41:16.029] [DEBUG] cheese - null
[2022-06-30T22:41:16.030] [DEBUG] cheese - null
[2022-06-30T22:41:31.012] [DEBUG] cheese - login => username:admin,password:1234567
[2022-06-30T22:41:31.013] [DEBUG] cheese - admin
[2022-06-30T22:41:31.021] [DEBUG] cheese - null
[2022-06-30T22:41:31.021] [DEBUG] cheese - null
[2022-06-30T22:41:40.505] [DEBUG] cheese - login => username:admin,password:123456
[2022-06-30T22:41:40.505] [DEBUG] cheese - admin
[2022-06-30T22:41:40.511] [DEBUG] cheese - null
[2022-06-30T22:41:40.512] [DEBUG] cheese - null
[2022-06-30T22:41:42.326] [DEBUG] cheese - login => username:admin,password:123456
[2022-06-30T22:41:42.327] [DEBUG] cheese - admin
[2022-06-30T22:41:42.331] [DEBUG] cheese - null
[2022-06-30T22:41:42.331] [DEBUG] cheese - null
[2022-06-30T22:43:07.105] [DEBUG] cheese - login => username:admin,password:123456
[2022-06-30T22:43:07.106] [DEBUG] cheese - admin
[2022-06-30T22:43:07.118] [DEBUG] cheese - null
[2022-06-30T22:43:07.118] [DEBUG] cheese - null
[2022-06-30T22:53:52.330] [DEBUG] cheese - login => username:admin,password:123456
[2022-06-30T22:53:52.330] [DEBUG] cheese - admin
[2022-06-30T22:53:52.343] [DEBUG] cheese - null
[2022-06-30T22:53:52.344] [DEBUG] cheese - null
[2022-06-30T22:54:23.825] [DEBUG] cheese - login => username:admin,password:123456
[2022-06-30T22:54:23.825] [DEBUG] cheese - admin
[2022-06-30T22:54:23.834] [DEBUG] cheese - null
[2022-06-30T22:54:23.834] [DEBUG] cheese - null
[2022-07-01T23:33:49.560] [DEBUG] cheese - login => username:admin,password:123456
[2022-07-01T23:33:49.561] [DEBUG] cheese - admin
[2022-07-01T23:33:49.596] [DEBUG] cheese - null
[2022-07-01T23:33:49.596] [DEBUG] cheese - null
[2022-07-01T23:35:49.216] [DEBUG] cheese - login => username:admin,password:123456
[2022-07-01T23:35:49.217] [DEBUG] cheese - admin
[2022-07-01T23:35:49.256] [DEBUG] cheese - null
[2022-07-01T23:35:49.256] [DEBUG] cheese - null
[2022-07-01T23:36:19.896] [DEBUG] cheese - login => username:admin,password:123456
[2022-07-01T23:36:19.896] [DEBUG] cheese - admin
[2022-07-01T23:36:19.901] [DEBUG] cheese - null
[2022-07-01T23:36:19.901] [DEBUG] cheese - null
[2022-07-20T23:20:54.159] [DEBUG] cheese - login => username:111,password:111
[2022-07-20T23:20:54.164] [DEBUG] cheese - 111
[2022-07-20T23:20:54.219] [DEBUG] cheese - null
[2022-07-20T23:20:54.220] [DEBUG] cheese - null
[2022-07-20T23:21:03.721] [DEBUG] cheese - login => username:111,password:111
[2022-07-20T23:21:03.721] [DEBUG] cheese - 111
[2022-07-20T23:21:03.725] [DEBUG] cheese - null
[2022-07-20T23:21:03.725] [DEBUG] cheese - null
[2022-07-20T23:22:53.511] [DEBUG] cheese - login => username:zce,password:$08$lV0Gr4AKx7xH7cCU4KCGCOikNzGPaWIpw9W7A9BONIxoJ2.hGC9qi
[2022-07-20T23:22:53.512] [DEBUG] cheese - zce
[2022-07-20T23:22:53.514] [DEBUG] cheese - null
[2022-07-20T23:22:53.514] [DEBUG] cheese - null
[2022-07-20T23:23:24.790] [DEBUG] cheese - login => username:101,password:101
[2022-07-20T23:23:24.801] [DEBUG] cheese - 101
[2022-07-20T23:23:24.804] [DEBUG] cheese - null
[2022-07-20T23:23:24.804] [DEBUG] cheese - null
[2022-07-20T23:23:50.878] [DEBUG] cheese - login => username:admin,password:$10$sZlpZNoLAnoD1DtYO9REAODCPkpMb5bwl4oMzrMvJa83k9BY3KRwq
[2022-07-20T23:23:50.878] [DEBUG] cheese - admin
[2022-07-20T23:23:50.889] [DEBUG] cheese - null
[2022-07-20T23:23:50.890] [DEBUG] cheese - null
[2022-07-20T23:24:00.904] [DEBUG] cheese - login => username:admin,password:123456
[2022-07-20T23:24:00.904] [DEBUG] cheese - admin
[2022-07-20T23:24:00.909] [DEBUG] cheese - null
[2022-07-20T23:24:00.909] [DEBUG] cheese - null
[2022-07-20T23:36:42.612] [DEBUG] cheese - login => username:111,password:111
[2022-07-20T23:36:42.623] [DEBUG] cheese - 111
[2022-07-20T23:36:42.708] [DEBUG] cheese - null
[2022-07-20T23:36:42.710] [DEBUG] cheese - null
[2022-07-20T23:37:11.244] [DEBUG] cheese - login => username:admin,password:123456
[2022-07-20T23:37:11.245] [DEBUG] cheese - admin
[2022-07-20T23:37:11.254] [DEBUG] cheese - null
[2022-07-20T23:37:11.254] [DEBUG] cheese - null
[2022-07-21T14:28:46.174] [DEBUG] cheese - login => username:admin,password:123456
[2022-07-21T14:28:46.175] [DEBUG] cheese - admin
[2022-07-21T14:28:46.192] [DEBUG] cheese - null
[2022-07-21T14:28:46.192] [DEBUG] cheese - null
[2022-07-21T14:39:10.641] [DEBUG] cheese - login => username:admin,password:123456
[2022-07-21T14:39:10.642] [DEBUG] cheese - admin
[2022-07-21T14:39:10.661] [DEBUG] cheese - null
[2022-07-21T14:39:10.661] [DEBUG] cheese - null
[2022-07-21T14:39:19.624] [DEBUG] cheese - login => username:admin,password:123456
[2022-07-21T14:39:19.625] [DEBUG] cheese - admin
[2022-07-21T14:39:19.627] [DEBUG] cheese - null
[2022-07-21T14:39:19.627] [DEBUG] cheese - null
[2022-07-21T14:41:49.906] [DEBUG] cheese - login => username:admin,password:123456
[2022-07-21T14:41:49.907] [DEBUG] cheese - admin
[2022-07-21T14:41:49.916] [DEBUG] cheese - null
[2022-07-21T14:41:49.917] [DEBUG] cheese - null
[2022-07-21T14:45:41.739] [DEBUG] cheese - login => username:1231,password:123123
[2022-07-21T14:45:41.740] [DEBUG] cheese - 1231
[2022-07-21T14:45:41.748] [DEBUG] cheese - null
[2022-07-21T14:45:41.748] [DEBUG] cheese - null
[2022-07-21T14:45:55.640] [DEBUG] cheese - login => username:1231,password:123123
[2022-07-21T14:45:55.640] [DEBUG] cheese - 1231
[2022-07-21T14:45:55.642] [DEBUG] cheese - null
[2022-07-21T14:45:55.643] [DEBUG] cheese - null
[2022-07-21T14:46:38.864] [DEBUG] cheese - login => username:12,password:123
[2022-07-21T14:46:38.864] [DEBUG] cheese - 12
[2022-07-21T14:46:38.866] [DEBUG] cheese - null
[2022-07-21T14:46:38.866] [DEBUG] cheese - null
[2022-07-21T14:47:01.516] [DEBUG] cheese - login => username:admin,password:1234567
[2022-07-21T14:47:01.516] [DEBUG] cheese - admin
[2022-07-21T14:47:01.519] [DEBUG] cheese - null
[2022-07-21T14:47:01.519] [DEBUG] cheese - null
[2022-07-21T14:47:03.767] [DEBUG] cheese - login => username:admin,password:123456
[2022-07-21T14:47:03.767] [DEBUG] cheese - admin
[2022-07-21T14:47:03.771] [DEBUG] cheese - null
[2022-07-21T14:47:03.771] [DEBUG] cheese - null
[2022-07-21T14:49:03.097] [DEBUG] cheese - login => username:admin,password:123456
[2022-07-21T14:49:03.097] [DEBUG] cheese - admin
[2022-07-21T14:49:03.099] [DEBUG] cheese - null
[2022-07-21T14:49:03.100] [DEBUG] cheese - null
[2022-07-21T14:49:12.031] [DEBUG] cheese - login => username:admin,password:123456
[2022-07-21T14:49:12.031] [DEBUG] cheese - admin
[2022-07-21T14:49:12.033] [DEBUG] cheese - null
[2022-07-21T14:49:12.033] [DEBUG] cheese - null
[2022-07-21T15:02:49.727] [DEBUG] cheese - login => username:admin,password:123456
[2022-07-21T15:02:49.728] [DEBUG] cheese - admin
[2022-07-21T15:02:49.747] [DEBUG] cheese - null
[2022-07-21T15:02:49.747] [DEBUG] cheese - null
[2022-07-21T15:39:31.861] [DEBUG] cheese - login => username:admin,password:123456
[2022-07-21T15:39:31.861] [DEBUG] cheese - admin
[2022-07-21T15:39:31.872] [DEBUG] cheese - null
[2022-07-21T15:39:31.872] [DEBUG] cheese - null
[2022-07-21T15:44:52.605] [DEBUG] cheese - login => username:admin,password:123456
[2022-07-21T15:44:52.605] [DEBUG] cheese - admin
[2022-07-21T15:44:52.629] [DEBUG] cheese - null
[2022-07-21T15:44:52.629] [DEBUG] cheese - null
[2022-07-22T01:10:09.308] [DEBUG] cheese - login => username:admin,password:123456
[2022-07-22T01:10:09.317] [DEBUG] cheese - admin
[2022-07-22T01:10:09.350] [DEBUG] cheese - null
[2022-07-22T01:10:09.350] [DEBUG] cheese - null
[2022-07-23T16:30:04.727] [DEBUG] cheese - login => username:admin,password:admin
[2022-07-23T16:30:04.731] [DEBUG] cheese - admin
[2022-07-23T16:30:04.773] [DEBUG] cheese - null
[2022-07-23T16:30:04.773] [DEBUG] cheese - null
[2022-07-23T16:30:09.612] [DEBUG] cheese - login => username:admin,password:123456
[2022-07-23T16:30:09.612] [DEBUG] cheese - admin
[2022-07-23T16:30:09.615] [DEBUG] cheese - null
[2022-07-23T16:30:09.615] [DEBUG] cheese - null
